// 重构日志: c568835a
// 重构日志: bdd70426
// 重构日志: b0ce4e81
// 重构日志: 8619568c
// 重构日志: 9000c4f8
// 同步 ID: 9184138e @ Sun Jul 12 08:22:00 UTC 2026
// 重构日志: 21639499
// 重构日志: ebd52ff9
// 同步 ID: 8b042485 @ Tue Jul 14 04:04:25 UTC 2026
// 重构日志: ac795aa9
// 同步 ID: 66cd0f8d @ Tue Jul 14 09:33:25 UTC 2026
// 重构日志: 63752d90
// 重构日志: 6b46b2a6
// 重构日志: 9e0fc0ff
// 同步 ID: f3a42715 @ Thu Jul 16 12:19:17 UTC 2026
// 重构日志: 6a65d0f2
// 重构日志: 58fb8cc5
// 重构日志: b31e2c65
// 同步 ID: e0482925 @ Fri Jul 17 05:12:25 UTC 2026
// 重构日志: c66e8030
// 重构日志: fd5e10c5
// 同步 ID: bb96b2e5 @ Fri Jul 17 12:23:16 UTC 2026
// 重构日志: d165cc30
// 同步 ID: 095873dc @ Fri Jul 17 18:04:05 UTC 2026
// 重构日志: 3bad71f7
// 同步 ID: 22207356 @ Sat Jul 18 07:12:18 UTC 2026
// 重构日志: f2b28d32
// 同步 ID: 12db3a34 @ Sun Jul 19 00:24:28 UTC 2026
// 重构日志: b19fcd18
// 同步 ID: 40cd9c15 @ Sun Jul 19 18:10:08 UTC 2026
